# Logfile created on Fri Mar 28 22:54:58 -0700 2008

Processing SampleController#index (for 127.0.0.1 at 2008-03-28 23:14:05) [GET]
  Session ID: dcde916680077f9310821a794b9d5497
  Parameters: {"action"=>"index", "controller"=>"sample"}
Rendering sample/index
Completed in 0.02111 (47 reqs/sec) | Rendering: 0.01613 (76%) | DB: 0.00000 (0%) | 200 OK [http://localhost/]


Processing SampleController#index (for 127.0.0.1 at 2008-03-28 23:17:33) [GET]
  Session ID: BAh7BiIKZmxhc2hJQzonQWN0aW9uQ29udHJvbGxlcjo6Rmxhc2g6OkZsYXNo%0ASGFzaHsABjoKQHVzZWR7AA%3D%3D--ef1df4946e3f1392821b05935f0d99d23213daa2
  Parameters: {"action"=>"index", "controller"=>"sample"}
Rendering sample/index
Completed in 0.06778 (14 reqs/sec) | Rendering: 0.06539 (96%) | DB: 0.00000 (0%) | 200 OK [http://localhost/]


Processing SampleController#index (for 127.0.0.1 at 2008-03-28 23:21:30) [GET]
  Session ID: BAh7BiIKZmxhc2hJQzonQWN0aW9uQ29udHJvbGxlcjo6Rmxhc2g6OkZsYXNo%0ASGFzaHsABjoKQHVzZWR7AA%3D%3D--ef1df4946e3f1392821b05935f0d99d23213daa2
  Parameters: {"action"=>"index", "controller"=>"sample"}
Rendering sample/index
Completed in 0.00536 (186 reqs/sec) | Rendering: 0.00263 (49%) | DB: 0.00000 (0%) | 200 OK [http://localhost/]


Processing SampleController#index (for 127.0.0.1 at 2008-03-28 23:22:04) [GET]
  Session ID: BAh7BiIKZmxhc2hJQzonQWN0aW9uQ29udHJvbGxlcjo6Rmxhc2g6OkZsYXNo%0ASGFzaHsABjoKQHVzZWR7AA%3D%3D--ef1df4946e3f1392821b05935f0d99d23213daa2
  Parameters: {"action"=>"index", "controller"=>"sample"}
Rendering sample/index
Completed in 0.00575 (173 reqs/sec) | Rendering: 0.00261 (45%) | DB: 0.00000 (0%) | 200 OK [http://localhost/]


Processing SampleController#index (for 127.0.0.1 at 2008-03-29 09:42:45) [GET]
  Session ID: BAh7BiIKZmxhc2hJQzonQWN0aW9uQ29udHJvbGxlcjo6Rmxhc2g6OkZsYXNo%0ASGFzaHsABjoKQHVzZWR7AA%3D%3D--ef1df4946e3f1392821b05935f0d99d23213daa2
  Parameters: {"action"=>"index", "controller"=>"sample"}
Rendering sample/index
Completed in 0.00848 (117 reqs/sec) | Rendering: 0.00460 (54%) | DB: 0.00000 (0%) | 200 OK [http://localhost/]


Processing SampleController#index (for 127.0.0.1 at 2008-03-29 09:48:10) [GET]
  Session ID: BAh7BiIKZmxhc2hJQzonQWN0aW9uQ29udHJvbGxlcjo6Rmxhc2g6OkZsYXNo%0ASGFzaHsABjoKQHVzZWR7AA%3D%3D--ef1df4946e3f1392821b05935f0d99d23213daa2
  Parameters: {"action"=>"index", "controller"=>"sample"}
Rendering sample/index
Completed in 0.00480 (208 reqs/sec) | Rendering: 0.00240 (50%) | DB: 0.00000 (0%) | 200 OK [http://localhost/]


Processing SampleController#index (for 127.0.0.1 at 2008-03-29 09:51:11) [GET]
  Session ID: BAh7BiIKZmxhc2hJQzonQWN0aW9uQ29udHJvbGxlcjo6Rmxhc2g6OkZsYXNo%0ASGFzaHsABjoKQHVzZWR7AA%3D%3D--ef1df4946e3f1392821b05935f0d99d23213daa2
  Parameters: {"action"=>"index", "controller"=>"sample"}
Rendering sample/index
Completed in 0.00552 (181 reqs/sec) | Rendering: 0.00278 (50%) | DB: 0.00000 (0%) | 200 OK [http://localhost/]


Processing SampleController#index (for 127.0.0.1 at 2008-03-29 09:51:32) [GET]
  Session ID: BAh7BiIKZmxhc2hJQzonQWN0aW9uQ29udHJvbGxlcjo6Rmxhc2g6OkZsYXNo%0ASGFzaHsABjoKQHVzZWR7AA%3D%3D--ef1df4946e3f1392821b05935f0d99d23213daa2
  Parameters: {"action"=>"index", "controller"=>"sample"}
Rendering sample/index
Completed in 0.00476 (210 reqs/sec) | Rendering: 0.00245 (51%) | DB: 0.00000 (0%) | 200 OK [http://localhost/]


Processing SampleController#index (for 127.0.0.1 at 2008-03-29 09:51:45) [GET]
  Session ID: BAh7BiIKZmxhc2hJQzonQWN0aW9uQ29udHJvbGxlcjo6Rmxhc2g6OkZsYXNo%0ASGFzaHsABjoKQHVzZWR7AA%3D%3D--ef1df4946e3f1392821b05935f0d99d23213daa2
  Parameters: {"action"=>"index", "controller"=>"sample"}
Rendering sample/index
Completed in 0.00542 (184 reqs/sec) | Rendering: 0.00272 (50%) | DB: 0.00000 (0%) | 200 OK [http://localhost/]


Processing SampleController#index (for 127.0.0.1 at 2008-03-29 12:19:06) [GET]
  Session ID: BAh7BiIKZmxhc2hJQzonQWN0aW9uQ29udHJvbGxlcjo6Rmxhc2g6OkZsYXNo%0ASGFzaHsABjoKQHVzZWR7AA%3D%3D--ef1df4946e3f1392821b05935f0d99d23213daa2
  Parameters: {"action"=>"index", "controller"=>"sample"}
Rendering sample/index
Completed in 0.00747 (133 reqs/sec) | Rendering: 0.00358 (47%) | DB: 0.00000 (0%) | 200 OK [http://localhost/]


Processing SampleController#index (for 127.0.0.1 at 2008-03-29 12:26:12) [GET]
  Session ID: BAh7BiIKZmxhc2hJQzonQWN0aW9uQ29udHJvbGxlcjo6Rmxhc2g6OkZsYXNo%0ASGFzaHsABjoKQHVzZWR7AA%3D%3D--ef1df4946e3f1392821b05935f0d99d23213daa2
  Parameters: {"action"=>"index", "controller"=>"sample"}
Rendering sample/index
Completed in 0.00527 (189 reqs/sec) | Rendering: 0.00263 (49%) | DB: 0.00000 (0%) | 200 OK [http://localhost/]


Processing SampleController#index (for 127.0.0.1 at 2008-03-29 12:29:25) [GET]
  Session ID: BAh7BiIKZmxhc2hJQzonQWN0aW9uQ29udHJvbGxlcjo6Rmxhc2g6OkZsYXNo%0ASGFzaHsABjoKQHVzZWR7AA%3D%3D--ef1df4946e3f1392821b05935f0d99d23213daa2
  Parameters: {"action"=>"index", "controller"=>"sample"}
Rendering sample/index
Completed in 0.00527 (189 reqs/sec) | Rendering: 0.00264 (50%) | DB: 0.00000 (0%) | 200 OK [http://localhost/]


Processing SampleController#index (for 127.0.0.1 at 2008-03-29 12:48:03) [GET]
  Session ID: BAh7BiIKZmxhc2hJQzonQWN0aW9uQ29udHJvbGxlcjo6Rmxhc2g6OkZsYXNo%0ASGFzaHsABjoKQHVzZWR7AA%3D%3D--ef1df4946e3f1392821b05935f0d99d23213daa2
  Parameters: {"action"=>"index", "controller"=>"sample"}
Rendering sample/index
Completed in 0.00524 (190 reqs/sec) | Rendering: 0.00264 (50%) | DB: 0.00000 (0%) | 200 OK [http://localhost/]


Processing SampleController#index (for 127.0.0.1 at 2008-03-29 12:49:07) [GET]
  Session ID: BAh7BiIKZmxhc2hJQzonQWN0aW9uQ29udHJvbGxlcjo6Rmxhc2g6OkZsYXNo%0ASGFzaHsABjoKQHVzZWR7AA%3D%3D--ef1df4946e3f1392821b05935f0d99d23213daa2
  Parameters: {"action"=>"index", "controller"=>"sample"}
Rendering sample/index
Completed in 0.00531 (188 reqs/sec) | Rendering: 0.00271 (51%) | DB: 0.00000 (0%) | 200 OK [http://localhost/]


Processing SampleController#index (for 127.0.0.1 at 2008-03-29 12:50:39) [GET]
  Session ID: BAh7BiIKZmxhc2hJQzonQWN0aW9uQ29udHJvbGxlcjo6Rmxhc2g6OkZsYXNo%0ASGFzaHsABjoKQHVzZWR7AA%3D%3D--ef1df4946e3f1392821b05935f0d99d23213daa2
  Parameters: {"action"=>"index", "controller"=>"sample"}
Rendering sample/index
Completed in 0.00472 (211 reqs/sec) | Rendering: 0.00240 (50%) | DB: 0.00000 (0%) | 200 OK [http://localhost/]


Processing SampleController#index (for 127.0.0.1 at 2008-03-29 15:32:17) [GET]
  Session ID: BAh7BiIKZmxhc2hJQzonQWN0aW9uQ29udHJvbGxlcjo6Rmxhc2g6OkZsYXNo%0ASGFzaHsABjoKQHVzZWR7AA%3D%3D--ef1df4946e3f1392821b05935f0d99d23213daa2
  Parameters: {"action"=>"index", "controller"=>"sample"}
Rendering sample/index
Completed in 0.00525 (190 reqs/sec) | Rendering: 0.00259 (49%) | DB: 0.00000 (0%) | 200 OK [http://localhost/]


Processing SampleController#index (for 127.0.0.1 at 2008-03-29 15:32:53) [GET]
  Session ID: BAh7BiIKZmxhc2hJQzonQWN0aW9uQ29udHJvbGxlcjo6Rmxhc2g6OkZsYXNo%0ASGFzaHsABjoKQHVzZWR7AA%3D%3D--ef1df4946e3f1392821b05935f0d99d23213daa2
  Parameters: {"action"=>"index", "controller"=>"sample"}
Rendering sample/index
Completed in 0.00486 (205 reqs/sec) | Rendering: 0.00256 (52%) | DB: 0.00000 (0%) | 200 OK [http://localhost/]


Processing SampleController#index (for 127.0.0.1 at 2008-05-31 12:49:02) [GET]
  Session ID: 12fdc717e62248e001fe8bb7c2ac4a45
  Parameters: {"action"=>"index", "controller"=>"sample"}
Rendering sample/index
Completed in 0.00993 (100 reqs/sec) | Rendering: 0.00580 (58%) | DB: 0.00000 (0%) | 200 OK [http://localhost/]


Processing SampleController#index (for 127.0.0.1 at 2008-05-31 12:49:44) [GET]
  Session ID: BAh7BiIKZmxhc2hJQzonQWN0aW9uQ29udHJvbGxlcjo6Rmxhc2g6OkZsYXNo%0ASGFzaHsABjoKQHVzZWR7AA%3D%3D--ef1df4946e3f1392821b05935f0d99d23213daa2
  Parameters: {"action"=>"index", "controller"=>"sample"}
Rendering sample/index
Completed in 0.00507 (197 reqs/sec) | Rendering: 0.00250 (49%) | DB: 0.00000 (0%) | 200 OK [http://localhost/]


Processing SampleController#index (for 127.0.0.1 at 2008-05-31 12:55:23) [GET]
  Session ID: BAh7BiIKZmxhc2hJQzonQWN0aW9uQ29udHJvbGxlcjo6Rmxhc2g6OkZsYXNo%0ASGFzaHsABjoKQHVzZWR7AA%3D%3D--ef1df4946e3f1392821b05935f0d99d23213daa2
  Parameters: {"action"=>"index", "controller"=>"sample"}
Rendering sample/index
Completed in 0.00692 (144 reqs/sec) | Rendering: 0.00303 (43%) | DB: 0.00000 (0%) | 200 OK [http://localhost/]


Processing SampleController#index (for 127.0.0.1 at 2008-05-31 14:07:10) [GET]
  Session ID: 7d53cc3c031f511312e25110f310fd7b
  Parameters: {"action"=>"index", "controller"=>"sample"}
Rendering sample/index
Completed in 0.00514 (194 reqs/sec) | Rendering: 0.00257 (49%) | DB: 0.00000 (0%) | 200 OK [http://localhost/]


Processing SampleController#index (for 127.0.0.1 at 2008-05-31 14:07:51) [GET]
  Session ID: BAh7BiIKZmxhc2hJQzonQWN0aW9uQ29udHJvbGxlcjo6Rmxhc2g6OkZsYXNo%0ASGFzaHsABjoKQHVzZWR7AA%3D%3D--ef1df4946e3f1392821b05935f0d99d23213daa2
  Parameters: {"action"=>"index", "controller"=>"sample"}
Rendering sample/index
Completed in 0.00538 (185 reqs/sec) | Rendering: 0.00277 (51%) | DB: 0.00000 (0%) | 200 OK [http://localhost/]


Processing SampleController#index (for 127.0.0.1 at 2008-05-31 14:08:18) [GET]
  Session ID: BAh7BiIKZmxhc2hJQzonQWN0aW9uQ29udHJvbGxlcjo6Rmxhc2g6OkZsYXNo%0ASGFzaHsABjoKQHVzZWR7AA%3D%3D--ef1df4946e3f1392821b05935f0d99d23213daa2
  Parameters: {"action"=>"index", "controller"=>"sample"}
Rendering sample/index
Completed in 0.00587 (170 reqs/sec) | Rendering: 0.00292 (49%) | DB: 0.00000 (0%) | 200 OK [http://localhost/]


Processing SampleController#index (for 127.0.0.1 at 2008-05-31 14:23:28) [GET]
  Session ID: BAh7BiIKZmxhc2hJQzonQWN0aW9uQ29udHJvbGxlcjo6Rmxhc2g6OkZsYXNo%0ASGFzaHsABjoKQHVzZWR7AA%3D%3D--ef1df4946e3f1392821b05935f0d99d23213daa2
  Parameters: {"action"=>"index", "controller"=>"sample"}
Rendering sample/index
Completed in 0.00490 (204 reqs/sec) | Rendering: 0.00257 (52%) | DB: 0.00000 (0%) | 200 OK [http://localhost/]


Processing SampleController#index (for 127.0.0.1 at 2008-06-01 10:58:04) [GET]
  Session ID: 928c6008a2ea0c024609c2c98486adfb
  Parameters: {"action"=>"index", "controller"=>"sample"}
Rendering sample/index
Completed in 0.03226 (30 reqs/sec) | Rendering: 0.02843 (88%) | DB: 0.00000 (0%) | 200 OK [http://localhost/]


Processing SampleController#index (for 127.0.0.1 at 2008-06-01 11:08:21) [GET]
  Session ID: BAh7BiIKZmxhc2hJQzonQWN0aW9uQ29udHJvbGxlcjo6Rmxhc2g6OkZsYXNo%0ASGFzaHsABjoKQHVzZWR7AA%3D%3D--ef1df4946e3f1392821b05935f0d99d23213daa2
  Parameters: {"action"=>"index", "controller"=>"sample"}
Rendering sample/index
Completed in 0.00612 (163 reqs/sec) | Rendering: 0.00319 (52%) | DB: 0.00000 (0%) | 200 OK [http://localhost/]


Processing SampleController#index (for 127.0.0.1 at 2008-06-01 11:09:07) [GET]
  Session ID: BAh7BiIKZmxhc2hJQzonQWN0aW9uQ29udHJvbGxlcjo6Rmxhc2g6OkZsYXNo%0ASGFzaHsABjoKQHVzZWR7AA%3D%3D--ef1df4946e3f1392821b05935f0d99d23213daa2
  Parameters: {"action"=>"index", "controller"=>"sample"}
Rendering sample/index
Completed in 0.00465 (215 reqs/sec) | Rendering: 0.00241 (51%) | DB: 0.00000 (0%) | 200 OK [http://localhost/]


Processing SampleController#index (for 127.0.0.1 at 2008-06-01 11:29:32) [GET]
  Session ID: BAh7BiIKZmxhc2hJQzonQWN0aW9uQ29udHJvbGxlcjo6Rmxhc2g6OkZsYXNo%0ASGFzaHsABjoKQHVzZWR7AA%3D%3D--ef1df4946e3f1392821b05935f0d99d23213daa2
  Parameters: {"action"=>"index", "controller"=>"sample"}
Rendering sample/index
Completed in 0.00502 (199 reqs/sec) | Rendering: 0.00254 (50%) | DB: 0.00000 (0%) | 200 OK [http://localhost/]


Processing SampleController#index (for 127.0.0.1 at 2008-06-01 11:31:10) [GET]
  Session ID: BAh7BiIKZmxhc2hJQzonQWN0aW9uQ29udHJvbGxlcjo6Rmxhc2g6OkZsYXNo%0ASGFzaHsABjoKQHVzZWR7AA%3D%3D--ef1df4946e3f1392821b05935f0d99d23213daa2
  Parameters: {"action"=>"index", "controller"=>"sample"}
Rendering sample/index
Completed in 0.00466 (214 reqs/sec) | Rendering: 0.00241 (51%) | DB: 0.00000 (0%) | 200 OK [http://localhost/]


Processing SampleController#index (for 127.0.0.1 at 2008-06-01 12:15:45) [GET]
  Session ID: BAh7BiIKZmxhc2hJQzonQWN0aW9uQ29udHJvbGxlcjo6Rmxhc2g6OkZsYXNo%0ASGFzaHsABjoKQHVzZWR7AA%3D%3D--ef1df4946e3f1392821b05935f0d99d23213daa2
  Parameters: {"action"=>"index", "controller"=>"sample"}
Rendering sample/index
Completed in 0.00514 (194 reqs/sec) | Rendering: 0.00264 (51%) | DB: 0.00000 (0%) | 200 OK [http://localhost/]


Processing SampleController#index (for 127.0.0.1 at 2008-06-01 12:16:11) [GET]
  Session ID: BAh7BiIKZmxhc2hJQzonQWN0aW9uQ29udHJvbGxlcjo6Rmxhc2g6OkZsYXNo%0ASGFzaHsABjoKQHVzZWR7AA%3D%3D--ef1df4946e3f1392821b05935f0d99d23213daa2
  Parameters: {"action"=>"index", "controller"=>"sample"}
Rendering sample/index
Completed in 0.00467 (214 reqs/sec) | Rendering: 0.00239 (51%) | DB: 0.00000 (0%) | 200 OK [http://localhost/]


Processing SampleController#index (for 127.0.0.1 at 2008-06-01 12:39:07) [GET]
  Session ID: BAh7BiIKZmxhc2hJQzonQWN0aW9uQ29udHJvbGxlcjo6Rmxhc2g6OkZsYXNo%0ASGFzaHsABjoKQHVzZWR7AA%3D%3D--ef1df4946e3f1392821b05935f0d99d23213daa2
  Parameters: {"action"=>"index", "controller"=>"sample"}
Rendering sample/index
Completed in 0.00554 (180 reqs/sec) | Rendering: 0.00275 (49%) | DB: 0.00000 (0%) | 200 OK [http://localhost/]


Processing SampleController#index (for 127.0.0.1 at 2008-06-01 12:39:31) [GET]
  Session ID: BAh7BiIKZmxhc2hJQzonQWN0aW9uQ29udHJvbGxlcjo6Rmxhc2g6OkZsYXNo%0ASGFzaHsABjoKQHVzZWR7AA%3D%3D--ef1df4946e3f1392821b05935f0d99d23213daa2
  Parameters: {"action"=>"index", "controller"=>"sample"}
Rendering sample/index
Completed in 0.00459 (217 reqs/sec) | Rendering: 0.00237 (51%) | DB: 0.00000 (0%) | 200 OK [http://localhost/]
